\BOOKMARK [1][-]{section.1}{Introduction}{}% 1
\BOOKMARK [2][-]{subsection.1.1}{Problem Statement and Goals}{section.1}% 2
\BOOKMARK [2][-]{subsection.1.2}{Scope of This Report}{section.1}% 3
\BOOKMARK [1][-]{section.2}{System Overview}{}% 4
\BOOKMARK [2][-]{subsection.2.1}{Technology Stack}{section.2}% 5
\BOOKMARK [2][-]{subsection.2.2}{High-Level Capabilities}{section.2}% 6
\BOOKMARK [2][-]{subsection.2.3}{Non-Functional Requirements}{section.2}% 7
\BOOKMARK [1][-]{section.3}{Backend Architecture}{}% 8
\BOOKMARK [2][-]{subsection.3.1}{Express Application Entry Point}{section.3}% 9
\BOOKMARK [2][-]{subsection.3.2}{Error Handling Strategy}{section.3}% 10
\BOOKMARK [2][-]{subsection.3.3}{Database Synchronization and Migration Safety}{section.3}% 11
\BOOKMARK [2][-]{subsection.3.4}{Request Lifecycle}{section.3}% 12
\BOOKMARK [2][-]{subsection.3.5}{Observability}{section.3}% 13
\BOOKMARK [1][-]{section.4}{Data Modeling}{}% 14
\BOOKMARK [2][-]{subsection.4.1}{Core Entities}{section.4}% 15
\BOOKMARK [2][-]{subsection.4.2}{Association Patterns}{section.4}% 16
\BOOKMARK [2][-]{subsection.4.3}{Entity Attributes}{section.4}% 17
\BOOKMARK [2][-]{subsection.4.4}{Data Lifecycle}{section.4}% 18
\BOOKMARK [1][-]{section.5}{API Layer}{}% 19
\BOOKMARK [2][-]{subsection.5.1}{Habit Controller}{section.5}% 20
\BOOKMARK [2][-]{subsection.5.2}{Task Controller}{section.5}% 21
\BOOKMARK [2][-]{subsection.5.3}{User and Authentication Controllers}{section.5}% 22
\BOOKMARK [2][-]{subsection.5.4}{Messaging and Community Controllers}{section.5}% 23
\BOOKMARK [2][-]{subsection.5.5}{AI Controller}{section.5}% 24
\BOOKMARK [2][-]{subsection.5.6}{API Surface Map}{section.5}% 25
\BOOKMARK [2][-]{subsection.5.7}{Route Surface}{section.5}% 26
\BOOKMARK [1][-]{section.6}{AI and Coaching}{}% 27
\BOOKMARK [2][-]{subsection.6.1}{Prompt Design}{section.6}% 28
\BOOKMARK [2][-]{subsection.6.2}{Safety and Guardrails}{section.6}% 29
\BOOKMARK [2][-]{subsection.6.3}{Future AI Extensions}{section.6}% 30
\BOOKMARK [1][-]{section.7}{Frontend Architecture}{}% 31
\BOOKMARK [2][-]{subsection.7.1}{Framework and Layout}{section.7}% 32
\BOOKMARK [2][-]{subsection.7.2}{Routing and Lazy Loading}{section.7}% 33
\BOOKMARK [2][-]{subsection.7.3}{Key Screens}{section.7}% 34
\BOOKMARK [2][-]{subsection.7.4}{State Management}{section.7}% 35
\BOOKMARK [2][-]{subsection.7.5}{Design System Integration}{section.7}% 36
\BOOKMARK [2][-]{subsection.7.6}{Accessibility Considerations}{section.7}% 37
\BOOKMARK [2][-]{subsection.7.7}{Responsive Layouts}{section.7}% 38
\BOOKMARK [1][-]{section.8}{Security and Validation}{}% 39
\BOOKMARK [2][-]{subsection.8.1}{Authentication and Authorization}{section.8}% 40
\BOOKMARK [2][-]{subsection.8.2}{Input Validation and Error Semantics}{section.8}% 41
\BOOKMARK [2][-]{subsection.8.3}{Authorization Model}{section.8}% 42
\BOOKMARK [2][-]{subsection.8.4}{Secrets Management}{section.8}% 43
\BOOKMARK [2][-]{subsection.8.5}{Data Privacy}{section.8}% 44
\BOOKMARK [2][-]{subsection.8.6}{Data Integrity}{section.8}% 45
\BOOKMARK [1][-]{section.9}{Scheduling and Productivity Workflows}{}% 46
\BOOKMARK [2][-]{subsection.9.1}{Habits vs. Tasks}{section.9}% 47
\BOOKMARK [2][-]{subsection.9.2}{Smart Scheduling and Busy Blocks}{section.9}% 48
\BOOKMARK [2][-]{subsection.9.3}{Progress and Achievements}{section.9}% 49
\BOOKMARK [2][-]{subsection.9.4}{Calendar Integration Patterns}{section.9}% 50
\BOOKMARK [2][-]{subsection.9.5}{Notification Cadence}{section.9}% 51
\BOOKMARK [1][-]{section.10}{Community and Communication}{}% 52
\BOOKMARK [2][-]{subsection.10.1}{Friendships and Group Challenges}{section.10}% 53
\BOOKMARK [2][-]{subsection.10.2}{Notifications and Messaging}{section.10}% 54
\BOOKMARK [2][-]{subsection.10.3}{Moderation}{section.10}% 55
\BOOKMARK [2][-]{subsection.10.4}{Leaderboards}{section.10}% 56
\BOOKMARK [1][-]{section.11}{Deployment Considerations}{}% 57
\BOOKMARK [2][-]{subsection.11.1}{Environment Management}{section.11}% 58
\BOOKMARK [2][-]{subsection.11.2}{Build and Runtime}{section.11}% 59
\BOOKMARK [2][-]{subsection.11.3}{Static Assets and Uploads}{section.11}% 60
\BOOKMARK [2][-]{subsection.11.4}{Containerization}{section.11}% 61
\BOOKMARK [2][-]{subsection.11.5}{Continuous Integration/Delivery}{section.11}% 62
\BOOKMARK [2][-]{subsection.11.6}{Scaling Considerations}{section.11}% 63
\BOOKMARK [1][-]{section.12}{Testing and Quality}{}% 64
\BOOKMARK [2][-]{subsection.12.1}{Manual and Automated Checks}{section.12}% 65
\BOOKMARK [2][-]{subsection.12.2}{Static Analysis}{section.12}% 66
\BOOKMARK [2][-]{subsection.12.3}{Test Data Management}{section.12}% 67
\BOOKMARK [2][-]{subsection.12.4}{Performance Testing}{section.12}% 68
\BOOKMARK [2][-]{subsection.12.5}{UX Research}{section.12}% 69
\BOOKMARK [1][-]{section.13}{Future Work}{}% 70
\BOOKMARK [1][-]{section.14}{Project Management and Delivery}{}% 71
\BOOKMARK [2][-]{subsection.14.1}{Milestones}{section.14}% 72
\BOOKMARK [2][-]{subsection.14.2}{Risk Management}{section.14}% 73
\BOOKMARK [2][-]{subsection.14.3}{Contribution Guidelines}{section.14}% 74
\BOOKMARK [1][-]{section.15}{Operations Runbook}{}% 75
\BOOKMARK [2][-]{subsection.15.1}{Incident Response}{section.15}% 76
\BOOKMARK [2][-]{subsection.15.2}{Backup and Recovery}{section.15}% 77
\BOOKMARK [2][-]{subsection.15.3}{Change Management}{section.15}% 78
\BOOKMARK [1][-]{section.16}{Ethical Considerations}{}% 79
\BOOKMARK [1][-]{section.17}{Conclusion}{}% 80
